  keyframes.cpp
c:\opencv\build\include\opencv2\core\mat.hpp(1965): warning C4819: 该文件包含不能在当前代码页(936)中表示的字符。请将该文件保存为 Unicode 格式以防止数据丢失
c:\opencv\build\include\opencv2\core\persistence.hpp : warning C4819: 该文件包含不能在当前代码页(936)中表示的字符。请将该文件保存为 Unicode 格式以防止数据丢失
c:\opencv\build\include\opencv2\core\utility.hpp : warning C4819: 该文件包含不能在当前代码页(936)中表示的字符。请将该文件保存为 Unicode 格式以防止数据丢失
  detector.cpp
c:\opencv\build\include\opencv2\core\mat.hpp(1965): warning C4819: 该文件包含不能在当前代码页(936)中表示的字符。请将该文件保存为 Unicode 格式以防止数据丢失
c:\opencv\build\include\opencv2\core\persistence.hpp : warning C4819: 该文件包含不能在当前代码页(936)中表示的字符。请将该文件保存为 Unicode 格式以防止数据丢失
c:\opencv\build\include\opencv2\core\utility.hpp : warning C4819: 该文件包含不能在当前代码页(936)中表示的字符。请将该文件保存为 Unicode 格式以防止数据丢失
c:\users\wang\documents\github\cbvideosearch\cbvideosearch\cbvideosearch\detector.cpp(6): error C2871: “CBVS”: 具有该名称的命名空间不存在
c:\users\wang\documents\github\cbvideosearch\cbvideosearch\cbvideosearch\detector.cpp(7): error C2653: “CBVS”: 不是类或命名空间名称
c:\users\wang\documents\github\cbvideosearch\cbvideosearch\cbvideosearch\detector.cpp(7): error C4430: 缺少类型说明符 - 假定为 int。注意: C++ 不支持默认 int
c:\users\wang\documents\github\cbvideosearch\cbvideosearch\cbvideosearch\detector.cpp(7): error C2550: “SiftDetector”: 构造函数初始值设定项列表只能在构造函数定义中使用
c:\users\wang\documents\github\cbvideosearch\cbvideosearch\cbvideosearch\detector.cpp(7): warning C4508: “SiftDetector”: 函数应返回一个值；假定“void”返回类型
c:\users\wang\documents\github\cbvideosearch\cbvideosearch\cbvideosearch\detector.cpp(9): error C2653: “CBVS”: 不是类或命名空间名称
c:\users\wang\documents\github\cbvideosearch\cbvideosearch\cbvideosearch\detector.cpp(9): error C2065: “VlSiftKeypoint”: 未声明的标识符
c:\users\wang\documents\github\cbvideosearch\cbvideosearch\cbvideosearch\detector.cpp(9): error C2923: “std::vector”: 对于参数“_Ty”，“VlSiftKeypoint”不是有效的 模板 类型变量
c:\users\wang\documents\github\cbvideosearch\cbvideosearch\cbvideosearch\detector.cpp(9): error C3203: “allocator”: 未专用化的 类 模板 不能用作 模板 变量，该变量属于 模板 参数“_Alloc”，应为 real 类型
c:\users\wang\documents\github\cbvideosearch\cbvideosearch\cbvideosearch\detector.cpp(14): error C3861: “cvtColor”: 找不到标识符
c:\users\wang\documents\github\cbvideosearch\cbvideosearch\cbvideosearch\detector.cpp(19): error C2065: “VlSiftFilt”: 未声明的标识符
c:\users\wang\documents\github\cbvideosearch\cbvideosearch\cbvideosearch\detector.cpp(19): error C2065: “vl_sift”: 未声明的标识符
c:\users\wang\documents\github\cbvideosearch\cbvideosearch\cbvideosearch\detector.cpp(19): error C3861: “vl_sift_new”: 找不到标识符
c:\users\wang\documents\github\cbvideosearch\cbvideosearch\cbvideosearch\detector.cpp(20): error C2065: “vl_sift”: 未声明的标识符
c:\users\wang\documents\github\cbvideosearch\cbvideosearch\cbvideosearch\detector.cpp(20): error C2065: “edge_threshold”: 未声明的标识符
c:\users\wang\documents\github\cbvideosearch\cbvideosearch\cbvideosearch\detector.cpp(20): error C3861: “vl_sift_set_edge_thresh”: 找不到标识符
c:\users\wang\documents\github\cbvideosearch\cbvideosearch\cbvideosearch\detector.cpp(21): error C2065: “vl_sift”: 未声明的标识符
c:\users\wang\documents\github\cbvideosearch\cbvideosearch\cbvideosearch\detector.cpp(21): error C2065: “peak_threshold”: 未声明的标识符
c:\users\wang\documents\github\cbvideosearch\cbvideosearch\cbvideosearch\detector.cpp(21): error C3861: “vl_sift_set_peak_thresh”: 找不到标识符
c:\users\wang\documents\github\cbvideosearch\cbvideosearch\cbvideosearch\detector.cpp(26): error C2065: “vl_sift_pix”: 未声明的标识符
c:\users\wang\documents\github\cbvideosearch\cbvideosearch\cbvideosearch\detector.cpp(26): error C2059: 语法错误:“)”
c:\users\wang\documents\github\cbvideosearch\cbvideosearch\cbvideosearch\detector.cpp(27): error C2065: “vl_sift”: 未声明的标识符
c:\users\wang\documents\github\cbvideosearch\cbvideosearch\cbvideosearch\detector.cpp(27): error C3536: “data”: 初始化之前无法使用
c:\users\wang\documents\github\cbvideosearch\cbvideosearch\cbvideosearch\detector.cpp(27): error C3861: “vl_sift_extract”: 找不到标识符
c:\users\wang\documents\github\cbvideosearch\cbvideosearch\cbvideosearch\detector.cpp(29): error C3861: “convert_sift_to_root_sift”: 找不到标识符
c:\users\wang\documents\github\cbvideosearch\cbvideosearch\cbvideosearch\detector.cpp(32): error C2065: “vl_sift”: 未声明的标识符
c:\users\wang\documents\github\cbvideosearch\cbvideosearch\cbvideosearch\detector.cpp(32): error C3861: “vl_sift_delete”: 找不到标识符
c:\users\wang\documents\github\cbvideosearch\cbvideosearch\cbvideosearch\detector.cpp(35): error C2653: “CBVS”: 不是类或命名空间名称
c:\users\wang\documents\github\cbvideosearch\cbvideosearch\cbvideosearch\detector.cpp(35): error C2065: “VlSiftFilt”: 未声明的标识符
c:\users\wang\documents\github\cbvideosearch\cbvideosearch\cbvideosearch\detector.cpp(35): error C2065: “vl_sift”: 未声明的标识符
c:\users\wang\documents\github\cbvideosearch\cbvideosearch\cbvideosearch\detector.cpp(35): error C2065: “vl_sift_pix”: 未声明的标识符
c:\users\wang\documents\github\cbvideosearch\cbvideosearch\cbvideosearch\detector.cpp(35): error C2563: 在形参表中不匹配
c:\users\wang\documents\github\cbvideosearch\cbvideosearch\cbvideosearch\detector.cpp(35): error C2568: “*”: 无法解析函数重载
  c:\users\wang\documents\github\cbvideosearch\cbvideosearch\cbvideosearch\detector.cpp(35): note: 可能是“const _Elem *std::data(std::initializer_list<_Elem>) noexcept”
  c:\users\wang\documents\github\cbvideosearch\cbvideosearch\cbvideosearch\detector.cpp(35): note: 或    “_Ty *std::data(_Ty (&)[_Size]) noexcept”
  c:\users\wang\documents\github\cbvideosearch\cbvideosearch\cbvideosearch\detector.cpp(35): note: 或    “unknown-type std::data(const _Container &)”
  c:\users\wang\documents\github\cbvideosearch\cbvideosearch\cbvideosearch\detector.cpp(35): note: 或    “unknown-type std::data(_Container &)”
c:\users\wang\documents\github\cbvideosearch\cbvideosearch\cbvideosearch\detector.cpp(35): error C2065: “VlSiftKeypoint”: 未声明的标识符
c:\users\wang\documents\github\cbvideosearch\cbvideosearch\cbvideosearch\detector.cpp(35): error C2923: “std::vector”: 对于参数“_Ty”，“VlSiftKeypoint”不是有效的 模板 类型变量
c:\users\wang\documents\github\cbvideosearch\cbvideosearch\cbvideosearch\detector.cpp(35): error C3203: “allocator”: 未专用化的 类 模板 不能用作 模板 变量，该变量属于 模板 参数“_Alloc”，应为 real 类型
c:\users\wang\documents\github\cbvideosearch\cbvideosearch\cbvideosearch\detector.cpp(35): error C2955: “std::vector”: 使用 类 模板 需要 模板 参数列表
  c:\program files (x86)\microsoft visual studio\2017\community\vc\tools\msvc\14.11.25503\include\vector(659): note: 参见“std::vector”的声明
c:\users\wang\documents\github\cbvideosearch\cbvideosearch\cbvideosearch\detector.cpp(35): error C2065: “kpts”: 未声明的标识符
c:\users\wang\documents\github\cbvideosearch\cbvideosearch\cbvideosearch\detector.cpp(36): error C2065: “descriptors”: 未声明的标识符
c:\users\wang\documents\github\cbvideosearch\cbvideosearch\cbvideosearch\detector.cpp(36): error C2275: “std::vector<std::vector<float,std::allocator<_Ty>>,std::allocator<std::vector<_Ty,std::allocator<_Ty>>>>”: 将此类型用作表达式非法
          with
          [
              _Ty=float
          ]
  c:\users\wang\documents\github\cbvideosearch\cbvideosearch\cbvideosearch\detector.cpp(36): note: 参见“std::vector<std::vector<float,std::allocator<_Ty>>,std::allocator<std::vector<_Ty,std::allocator<_Ty>>>>”的声明
          with
          [
              _Ty=float
          ]
c:\users\wang\documents\github\cbvideosearch\cbvideosearch\cbvideosearch\detector.cpp(36): error C2182: “vl_sift_extract”: 非法使用“void”类型
c:\users\wang\documents\github\cbvideosearch\cbvideosearch\cbvideosearch\detector.cpp(36): error C2448: “vl_sift_extract”: 函数样式初始值设定项类似函数定义
c:\users\wang\documents\github\cbvideosearch\cbvideosearch\cbvideosearch\detector.cpp(65): error C2653: “CBVS”: 不是类或命名空间名称
  正在生成代码...
c:\users\wang\documents\github\cbvideosearch\cbvideosearch\cbvideosearch\keyframes.cpp(33): error C4716: “CBVS::keyframes”: 必须返回一个值
c:\users\wang\documents\github\cbvideosearch\cbvideosearch\cbvideosearch\keyframes.cpp(25): error C4700: 使用了未初始化的局部变量“image_name”
