c:\users\wang\desktop\cbvideosearch-master\cbvideosearch\cbvideosearch\debug\cbvideosearch.pch
c:\users\wang\desktop\cbvideosearch-master\cbvideosearch\cbvideosearch\debug\vc141.pdb
c:\users\wang\desktop\cbvideosearch-master\cbvideosearch\cbvideosearch\debug\vc141.idb
c:\users\wang\desktop\cbvideosearch-master\cbvideosearch\cbvideosearch\debug\stdafx.obj
c:\users\wang\desktop\cbvideosearch-master\cbvideosearch\cbvideosearch\debug\cbvideosearch.obj
c:\users\wang\documents\github\cbvideosearch\cbvideosearch\cbvideosearch\debug\vc141.pdb
c:\users\wang\documents\github\cbvideosearch\cbvideosearch\cbvideosearch\debug\vc141.idb
c:\users\wang\desktop\cbvideosearch-master\cbvideosearch\debug\cbvideosearch.ilk
c:\users\wang\desktop\cbvideosearch-master\cbvideosearch\debug\cbvideosearch.exe
c:\users\wang\desktop\cbvideosearch-master\cbvideosearch\debug\cbvideosearch.pdb
c:\users\wang\documents\github\cbvideosearch\cbvideosearch\cbvideosearch\debug\cbvideosearch.obj
c:\users\wang\documents\github\cbvideosearch\cbvideosearch\debug\cbvideosearch.pdb
c:\users\wang\documents\github\cbvideosearch\cbvideosearch\debug\cbvideosearch.exe
c:\users\wang\documents\github\cbvideosearch\cbvideosearch\debug\cbvideosearch.ilk
c:\users\wang\documents\github\cbvideosearch\cbvideosearch\cbvideosearch\debug\cbvideosearch.tlog\cl.command.1.tlog
c:\users\wang\documents\github\cbvideosearch\cbvideosearch\cbvideosearch\debug\cbvideosearch.tlog\cl.read.1.tlog
c:\users\wang\documents\github\cbvideosearch\cbvideosearch\cbvideosearch\debug\cbvideosearch.tlog\cl.write.1.tlog
c:\users\wang\documents\github\cbvideosearch\cbvideosearch\cbvideosearch\debug\cbvideosearch.tlog\link.command.1.tlog
c:\users\wang\documents\github\cbvideosearch\cbvideosearch\cbvideosearch\debug\cbvideosearch.tlog\link.read.1.tlog
c:\users\wang\documents\github\cbvideosearch\cbvideosearch\cbvideosearch\debug\cbvideosearch.tlog\link.write.1.tlog
